\BOOKMARK [0][-]{chapter*.1}{\376\377\144\130\211\201}{}% 1
\BOOKMARK [0][-]{chapter*.2}{\376\377\000A\000b\000s\000t\000r\000a\000c\000t}{}% 2
\BOOKMARK [0][-]{chapter*.3}{\376\377\166\356\137\125}{}% 3
\BOOKMARK [0][-]{chapter*.4}{\376\377\210\150\150\074\166\356\137\125}{}% 4
\BOOKMARK [0][-]{chapter*.5}{\376\377\143\322\126\376\166\356\137\125}{}% 5
\BOOKMARK [0][-]{chapter*.6}{\376\377\116\073\211\201\173\046\123\367\133\371\161\147\210\150}{}% 6
\BOOKMARK [0][-]{chapter*.8}{\376\377\202\361\145\207\177\051\165\145\213\315}{}% 7
\BOOKMARK [0][-]{chapter.1}{\376\377\0001\000\040\176\352\213\272}{}% 8
\BOOKMARK [1][-]{section.1.1}{\376\377\0001\000.\0001\000\040\170\024\172\166\200\314\146\157\124\214\141\017\116\111}{chapter.1}% 9
\BOOKMARK [2][-]{subsection.1.1.1}{\376\377\0001\000.\0001\000.\0001\000\040\170\024\172\166\200\314\146\157\124\214\141\017\116\111}{section.1.1}% 10
\BOOKMARK [0][-]{chapter.2}{\376\377\0002\000\040\152\041\147\177\173\200\116\313}{}% 11
\BOOKMARK [1][-]{section.2.1}{\376\377\0002\000.\0001\000\040\116\073\145\207\116\366}{chapter.2}% 12
\BOOKMARK [1][-]{section.2.2}{\376\377\0002\000.\0002\000\040\172\340\202\202\145\207\116\366}{chapter.2}% 13
\BOOKMARK [0][-]{chapter.3}{\376\377\0003\000\040\136\070\165\050\163\257\130\203\123\312\123\302\200\003\145\207\163\056\213\276\177\156}{}% 14
\BOOKMARK [1][-]{section.3.1}{\376\377\0003\000.\0001\000\040\126\376}{chapter.3}% 15
\BOOKMARK [1][-]{section.3.2}{\376\377\0003\000.\0002\000\040\210\150}{chapter.3}% 16
\BOOKMARK [1][-]{section.3.3}{\376\377\0003\000.\0003\000\040\121\154\137\017}{chapter.3}% 17
\BOOKMARK [1][-]{section.3.4}{\376\377\0003\000.\0004\000\040\133\232\164\006}{chapter.3}% 18
\BOOKMARK [1][-]{section.3.5}{\376\377\0003\000.\0005\000\040\123\302\200\003\145\207\163\056}{chapter.3}% 19
\BOOKMARK [0][-]{chapter*.28}{\376\377\176\323\213\272}{}% 20
\BOOKMARK [0][-]{chapter*.28}{\376\377\123\302\200\003\145\207\163\056}{}% 21
\BOOKMARK [0][-]{chapter*.30}{\376\377\226\104\137\125}{}% 22
\BOOKMARK [1][-]{section.3.1}{\376\377\226\104\137\125\0001\000\040\000z\000o\000t\000e\000r\000o\166\204\133\211\210\305}{chapter*.30}% 23
\BOOKMARK [1][-]{section.3.2}{\376\377\226\104\137\125\0002\000\040\000B\000i\000b\000L\000a\000t\000e\000x}{chapter*.30}% 24
\BOOKMARK [0][-]{chapter*.31}{\376\377\145\073\213\373\170\125\130\353\133\146\117\115\147\037\225\364\123\326\137\227\166\204\170\024\172\166\142\020\147\234}{}% 25
\BOOKMARK [0][-]{chapter*.33}{\376\377\201\364\214\042}{}% 26
